src/features/organization/pages/Registration.tsx(1483,9): error TS1005: ')' expected.
src/features/organization/pages/Registration.tsx(1484,5): error TS1109: Expression expected.
src/features/organization/pages/Registration.tsx(1582,1): error TS1128: Declaration or statement expected.
